Deployement du projet...
 Container masterclass_devops-front-1  Stopping
 Container masterclass_devops-front-1  Stopped
 Container masterclass_devops-front-1  Removing
 Container masterclass_devops-front-1  Removed
 Container masterclass_devops-backend-1  Stopping
 Container masterclass_devops-backend-1  Stopped
 Container masterclass_devops-backend-1  Removing
 Container masterclass_devops-backend-1  Removed
 Network masterclass_devops_default  Removing
 Network masterclass_devops_default  Removed
Untagged: masterclass_devops-backend:latest
Deleted: sha256:8381f751c47b99c893ae2177d4baeee882264b9fd7139ab6522db15a140c4469
Untagged: masterclass_devops-front:latest
Deleted: sha256:3e16873bb02f1e4d1c826dd8393e3c4130259bd8e5a8af72867c1cb4a7b7cec9
2024/06/07 03:46:23 http2: server: error reading preface from client //./pipe/docker_engine: file has already been closed
#0 building with "default" instance using docker driver

#1 [backend internal] load build definition from Dockerfile
#1 transferring dockerfile: 409B done
#1 DONE 0.0s

#2 [backend internal] load metadata for docker.io/library/php:apache
#2 DONE 0.7s

#3 [backend internal] load .dockerignore
#3 transferring context: 2B done
#3 DONE 0.0s

#4 [backend internal] load build context
#4 transferring context: 426B done
#4 DONE 0.0s

#5 [backend 1/2] FROM docker.io/library/php:apache@sha256:8a6022531369a1e006a9d3626be007bef8c51a1c41aab422ccf650d0c1357fc6
#5 resolve docker.io/library/php:apache@sha256:8a6022531369a1e006a9d3626be007bef8c51a1c41aab422ccf650d0c1357fc6 0.0s done
#5 CACHED

#6 [backend 2/2] COPY . /var/www/html/
#6 DONE 0.0s

#7 [backend] exporting to image
#7 exporting layers
2024/06/07 03:46:24 http2: server: error reading preface from client //./pipe/docker_engine: file has already been closed
#7 exporting layers 0.0s done
#7 writing image sha256:dbfd9ec79ac1b790805c29bc27b01e6d8d6d296e8d89a936c6f03b5ced7a5c4d done
#7 naming to docker.io/library/masterclass_devops-backend done
#7 DONE 0.0s

#8 [front internal] load build definition from Dockerfile
#8 transferring dockerfile: 409B done
#8 DONE 0.0s

#2 [front internal] load metadata for docker.io/library/php:apache
#2 DONE 0.9s

#9 [front internal] load .dockerignore
#9 transferring context: 2B done
#9 DONE 0.0s

#10 [front internal] load build context
#10 transferring context: 162B done
#10 DONE 0.0s

#5 [front 1/2] FROM docker.io/library/php:apache@sha256:8a6022531369a1e006a9d3626be007bef8c51a1c41aab422ccf650d0c1357fc6
#5 resolve docker.io/library/php:apache@sha256:8a6022531369a1e006a9d3626be007bef8c51a1c41aab422ccf650d0c1357fc6 0.0s done
#5 DONE 0.1s

#11 [front 2/2] COPY . /var/www/html/
#11 CACHED

#12 [front] exporting to image
#12 exporting layers done
#12 writing image sha256:3e16873bb02f1e4d1c826dd8393e3c4130259bd8e5a8af72867c1cb4a7b7cec9 done
#12 naming to docker.io/library/masterclass_devops-front done
#12 DONE 0.0s
 Network masterclass_devops_default  Creating
 Network masterclass_devops_default  Created
 Container masterclass_devops-backend-1  Creating
 Container masterclass_devops-backend-1  Created
 Container masterclass_devops-front-1  Creating
 Container masterclass_devops-front-1  Created
 Container masterclass_devops-backend-1  Starting
 Container masterclass_devops-backend-1  Started
 Container masterclass_devops-front-1  Starting
 Container masterclass_devops-front-1  Started
